<?xml version="1.0" encoding="UTF-8"?>
<!-- Generated by org.testng.reporters.JUnitReportReporter -->
<testsuite hostname="DESKTOP-8UST9F6" failures="0" tests="1" name="TestNG.InitializingWebDriver" time="4.071" errors="0" timestamp="2023-04-05T00:04:06 IST" skipped="0">
  <testcase classname="TestNG.InitializingWebDriver" name="startBrowser" time="4.071"/>
  <system-out/>
</testsuite> <!-- TestNG.InitializingWebDriver -->
